Running in Lattice mode


Starting:    C:\ispLEVER_Classic2_0\synpbase\win64\mbin\synbatch.exe
Install:     C:\ispLEVER_Classic2_0\synpbase
Date:        Wed Apr 05 18:02:36 2017
Version:     I-2014.03LC 

Arguments:   -product synplify_pro  -batch c:/users/aluci/documents/isplever\entY.prj
ProductType: synplify_pro





log file: "C:\users\aluci\documents\isplever\entY.srr"

Running entY|isplever

Running: Compile on entY|isplever

Running: Compile Process on entY|isplever

Running: Compile Input on entY|isplever
Copied C:\users\aluci\documents\isplever\synwork\entY_comp.srs to C:\users\aluci\documents\isplever\entY.srs
compiler Completed
Return Code: 0
Run Time:0h:00m:02s

Running: Multi-srs Generator on entY|isplever
Copied C:\users\aluci\documents\isplever\synwork\entY_comp.srs to C:\users\aluci\documents\isplever\synwork\entY_s.srs
multi_srs_gen Completed
Return Code: 0
Run Time:0h:00m:01s
Copied C:\users\aluci\documents\isplever\synwork\entY_mult.srs to C:\users\aluci\documents\isplever\entY.srs
Copied C:\users\aluci\documents\isplever\entY.srr to C:\users\aluci\documents\isplever\enty.srf
Complete: Compile Process on entY|isplever
Complete: Compile on entY|isplever

Running: Map on entY|isplever

Running: Map & Optimize on entY|isplever
fpga_mapper Completed
Return Code: 0
Run Time:0h:00m:00s
Complete: Map on entY|isplever
Copied C:\users\aluci\documents\isplever\entY.srr to C:\users\aluci\documents\isplever\enty.srf
Complete: Logic Synthesis on entY|isplever

exit status=0

exit status=0

