Running in Lattice mode


Starting:    C:\ispLEVER_Classic2_0\synpbase\win64\mbin\synbatch.exe
Install:     C:\ispLEVER_Classic2_0\synpbase
Date:        Wed Apr 19 07:10:34 2017
Version:     I-2014.03LC 

Arguments:   -product synplify_pro  -batch c:/users/aluci/documents/isplever/luces\multiplicador.prj
ProductType: synplify_pro





log file: "C:\users\aluci\documents\isplever\luces\multiplicador.srr"

Running multiplicador|luces

Running: Compile on multiplicador|luces

Running: Compile Process on multiplicador|luces

Running: Compile Input on multiplicador|luces
compiler exited with errors
Job: "compiler" terminated with error status: 2.
See log file: "C:\users\aluci\documents\isplever\luces\multiplicador.srr"
Return Code: 2
Run Time:0h:00m:01s
Copied C:\users\aluci\documents\isplever\luces\multiplicador.srr to C:\users\aluci\documents\isplever\luces\multiplicador.srf

exit status=2

exit status=2

