Running in Lattice mode


Starting:    C:\ispLEVER_Classic2_0\synpbase\win64\mbin\synbatch.exe
Install:     C:\ispLEVER_Classic2_0\synpbase
Date:        Wed Apr 19 10:56:01 2017
Version:     I-2014.03LC 

Arguments:   -product synplify_pro  -batch c:/users/aluci/documents/isplever/gal3\multiplicador.prj
ProductType: synplify_pro





log file: "C:\users\aluci\documents\isplever\gal3\multiplicador.srr"

Running multiplicador|gal3

Running: Compile on multiplicador|gal3

Running: Compile Process on multiplicador|gal3

Running: Compile Input on multiplicador|gal3
Copied C:\users\aluci\documents\isplever\gal3\synwork\multiplicador_comp.srs to C:\users\aluci\documents\isplever\gal3\multiplicador.srs
compiler Completed
Return Code: 0
Run Time:0h:00m:01s

Running: Multi-srs Generator on multiplicador|gal3
Copied C:\users\aluci\documents\isplever\gal3\synwork\multiplicador_comp.srs to C:\users\aluci\documents\isplever\gal3\synwork\multiplicador_s.srs
multi_srs_gen Completed
Return Code: 0
Run Time:0h:00m:01s
Copied C:\users\aluci\documents\isplever\gal3\synwork\multiplicador_mult.srs to C:\users\aluci\documents\isplever\gal3\multiplicador.srs
Copied C:\users\aluci\documents\isplever\gal3\multiplicador.srr to C:\users\aluci\documents\isplever\gal3\multiplicador.srf
Complete: Compile Process on multiplicador|gal3
Complete: Compile on multiplicador|gal3

Running: Map on multiplicador|gal3

Running: Map & Optimize on multiplicador|gal3
fpga_mapper Completed
Return Code: 0
Run Time:0h:00m:01s
Complete: Map on multiplicador|gal3
Copied C:\users\aluci\documents\isplever\gal3\multiplicador.srr to C:\users\aluci\documents\isplever\gal3\multiplicador.srf
Complete: Logic Synthesis on multiplicador|gal3

exit status=0

exit status=0

